生成启动时间为 2015/4/6 13:49:20。
     1>项目“C:\Users\Tony\Documents\GitHub\MyIC\MyServer\ToolKit2\ToolKit2.vcxproj”在节点 2 上(Build 个目标)。
     1>ClCompile:
         C:\Program Files (x86)\Microsoft Visual Studio 12.0\VC\bin\CL.exe /c /ZI /nologo /W3 /WX- /sdl /Od /Oy- /D _USING_V110_SDK71_ /D _WINDLL /D _MBCS /Gm /EHsc /RTC1 /MDd /GS /fp:precise /Zc:wchar_t /Zc:forScope /Fo"Debug\\" /Fd"Debug\vc120.pdb" /Gd /TP /analyze- /errorReport:prompt SingleTooth.cpp illnessAnalysis.cpp
         illnessAnalysis.cpp
     1>c:\users\tony\documents\github\myic\myserver\toolkit2\illnessanalysis.cpp(97): warning C4244: “初始化”: 从“int”转换到“float”，可能丢失数据
     1>c:\users\tony\documents\github\myic\myserver\toolkit2\illnessanalysis.cpp(166): warning C4244: “参数”: 从“double”转换到“int”，可能丢失数据
     1>c:\users\tony\documents\github\myic\myserver\toolkit2\illnessanalysis.cpp(176): warning C4018: “<”: 有符号/无符号不匹配
     1>c:\users\tony\documents\github\myic\myserver\toolkit2\illnessanalysis.cpp(199): warning C4018: “<=”: 有符号/无符号不匹配
     1>c:\users\tony\documents\github\myic\myserver\toolkit2\illnessanalysis.cpp(744): warning C4018: “>”: 有符号/无符号不匹配
         正在生成代码...
         正在编译...
         SingleTooth.cpp
     1>c:\users\tony\documents\github\myic\myserver\toolkit2\singletooth.cpp(147): warning C4018: “<”: 有符号/无符号不匹配
         正在生成代码...
     1>C:\Program Files (x86)\MSBuild\Microsoft.Cpp\v4.0\V120\Microsoft.CppBuild.targets(1197,5): warning MSB8030: The linker switch "Minimum Required Version" requires "SubSystem" to be set.  Without "SubSystem", the "Minimum Required Version" would not be passed to linker and could prevent to the output binary from running on older Operating Systems.
       Link:
         C:\Program Files (x86)\Microsoft Visual Studio 12.0\VC\bin\link.exe /ERRORREPORT:PROMPT /OUT:"C:\Users\Tony\Documents\GitHub\MyIC\MyServer\Debug\ToolKit2.dll" /INCREMENTAL /NOLOGO opencv_core249d.lib opencv_imgproc249d.lib opencv_highgui249d.lib opencv_objdetect249d.lib opencv_ml249d.lib kernel32.lib user32.lib gdi32.lib winspool.lib comdlg32.lib advapi32.lib shell32.lib ole32.lib oleaut32.lib uuid.lib odbc32.lib odbccp32.lib /MANIFEST /MANIFESTUAC:"level='asInvoker' uiAccess='false'" /manifest:embed /DEBUG /PDB:"C:\Users\Tony\Documents\GitHub\MyIC\MyServer\Debug\ToolKit2.pdb" /TLBID:1 /DYNAMICBASE /NXCOMPAT /IMPLIB:"C:\Users\Tony\Documents\GitHub\MyIC\MyServer\Debug\ToolKit2.lib" /MACHINE:X86 /DLL Debug\illnessAnalysis.obj
         Debug\SingleTooth.obj
            正在创建库 C:\Users\Tony\Documents\GitHub\MyIC\MyServer\Debug\ToolKit2.lib 和对象 C:\Users\Tony\Documents\GitHub\MyIC\MyServer\Debug\ToolKit2.exp
         ToolKit2.vcxproj -> C:\Users\Tony\Documents\GitHub\MyIC\MyServer\Debug\ToolKit2.dll
     1>已完成生成项目“C:\Users\Tony\Documents\GitHub\MyIC\MyServer\ToolKit2\ToolKit2.vcxproj”(Build 个目标)的操作。

生成成功。

已用时间 00:00:04.90
